<?xml version="1.0" encoding="UTF-8"?>
<!-- Generated by org.testng.reporters.JUnitReportReporter -->
<testsuite hostname="DESKTOP-JQEJNBT" failures="0" tests="2" name="com.qacart.todo.testcases.TodoTest" time="72.175" errors="0" timestamp="2024-04-18T12:28:30 CET" skipped="0">
  <testcase classname="com.qacart.todo.testcases.TodoTest" name="ShouldBeabletoAddnewTOdo" time="36.489"/>
  <testcase classname="com.qacart.todo.testcases.TodoTest" name="ShouldBeabletodeleteTOdo" time="35.686"/>
</testsuite> <!-- com.qacart.todo.testcases.TodoTest -->
